time info error
15:23:26 serials.log file is writable.
15:23:26 COM4 port opened.
15:23:26 COM4 port closed.
15:23:28 serials.log file closing...
15:27:37 serials.log file is writable.
15:27:37 COM4 port opened.
15:27:37 COM4 port closed.
15:27:37 COM4 port opened
15:27:39 COM3 port closed.
15:27:39 serials.log file closing...
15:30:52 serials.log file is writable.
15:30:52 mmw_pplcount_demo_default.cfg file is readable.
15:30:52 COM4 port opened.
15:30:52 COM4 port closed.
15:30:52 COM3 port opened
15:30:54 COM3 port closed.
15:30:54 serials.log file closing...
16:17:12 serials.log file is writable.
16:17:12 mmw_pplcount_demo_default.cfg file is readable.
16:17:12 COM4 port opened.
16:17:12 COM4 port ack: b'flushCfg\n'
16:17:12 COM4 port ack: b'Done\n'
16:17:15 COM4 port ack: b'dfeDataOutputMode 1\n'
16:17:15 COM4 port ack: b'Done\n'
16:17:18 COM4 port ack: b'channelCfg 15 5 0\n'
16:17:18 COM4 port ack: b'Done\n'
16:17:21 COM4 port ack: b'adcCfg 2 1\n'
16:17:21 COM4 port ack: b'Done\n'
16:17:24 COM4 port ack: b'adcbufCfg 0 1 1 1 \n'
16:17:24 COM4 port ack: b'Done\n'
16:17:27 COM4 port ack: b'profileCfg 0 60.6 30 10 62 0 0 53 1 128 2500 0 0 30\n'
16:17:27 COM4 port ack: b'Done\n'
16:17:31 COM4 port ack: b'chirpCfg 0 0 0 0 0 0 0 1\n'
16:17:31 COM4 port ack: b'Done\n'
16:17:34 COM4 port ack: b'chirpCfg 1 1 0 0 0 0 0 4\n'
16:17:34 COM4 port ack: b'Done\n'
16:17:37 COM4 port ack: b'frameCfg 0 1 128 0 50 1 0\n'
16:17:37 COM4 port ack: b'Done\n'
16:17:40 COM4 port ack: b'lowPower 0 1\n'
16:17:40 COM4 port ack: b'Done\n'
16:17:43 COM4 port ack: b'guiMonitor 1 1 0 0\n'
16:17:43 COM4 port ack: b'Done\n'
16:17:46 COM4 port ack: b'cfarCfg 6 4 4 4 4 16 16 4 4 50 62 0\n'
16:17:46 COM4 port ack: b'Done\n'
16:17:49 COM4 port ack: b'doaCfg 600 1875 30 1 1 0\n'
16:17:49 COM4 port ack: b'Done\n'
16:17:52 COM4 port ack: b'SceneryParam -6 6 0.5 6\n'
16:17:52 COM4 port ack: b'Done\n'
16:17:56 COM4 port ack: b'GatingParam 4 3 2 0\n'
16:17:56 COM4 port ack: b'Done\n'
16:17:59 COM4 port ack: b'StateParam 10 5 100 100 5\n'
16:17:59 COM4 port ack: b'Error: Invalid usage of the CLI command\n'
16:18:2 COM4 port ack: b'AllocationParam 250 250 0.25 10 1 2\n'
16:18:2 COM4 port ack: b'Done\n'
16:18:5 COM4 port ack: b'AccelerationParam 1 1 1\n'
16:18:5 COM4 port ack: b"'AccelerationParam' is not recognized as a CLI command\n"
16:18:8 COM4 port ack: b'trackingCfg 1 2 250 20 52 82 50 90\n'
16:18:8 COM4 port ack: b'Done\n'
16:18:11 COM4 port ack: b'sensorStart\n'
16:18:11 COM4 port ack: b'Done\n'
16:18:14 COM4 port closed.
16:18:14 COM3 port opened
16:18:16 COM3 port closed.
16:18:16 serials.log file closing...
17:45:14 serials.log file is writable.
17:45:14 mmw_pplcount_demo_default.cfg file is readable.
17:45:14 COM4 port opened.
17:45:14 COM4 port ack: b'flushCfg\n'
17:45:14 COM4 port ack: b'Done\n'
17:45:17 COM4 port ack: b'dfeDataOutputMode 1\n'
17:45:17 COM4 port ack: b'Done\n'
17:45:21 COM4 port ack: b'channelCfg 15 5 0\n'
17:45:21 COM4 port ack: b'Done\n'
17:45:24 COM4 port ack: b'adcCfg 2 1\n'
17:45:24 COM4 port ack: b'Done\n'
17:45:27 COM4 port ack: b'adcbufCfg 0 1 1 1 \n'
17:45:27 COM4 port ack: b'Done\n'
17:45:30 COM4 port ack: b'profileCfg 0 60.6 30 10 62 0 0 53 1 128 2500 0 0 30\n'
17:45:30 COM4 port ack: b'Done\n'
17:45:33 COM4 port ack: b'chirpCfg 0 0 0 0 0 0 0 1\n'
17:45:33 COM4 port ack: b'Done\n'
17:45:36 COM4 port ack: b'chirpCfg 1 1 0 0 0 0 0 4\n'
17:45:36 COM4 port ack: b'Done\n'
17:45:39 COM4 port ack: b'frameCfg 0 1 128 0 50 1 0\n'
17:45:39 COM4 port ack: b'Done\n'
17:45:42 COM4 port ack: b'lowPower 0 1\n'
17:45:42 COM4 port ack: b'Done\n'
17:45:46 COM4 port ack: b'guiMonitor 1 1 0 0\n'
17:45:46 COM4 port ack: b'Done\n'
17:45:49 COM4 port ack: b'cfarCfg 6 4 4 4 4 16 16 4 4 50 62 0\n'
17:45:49 COM4 port ack: b'Done\n'
17:45:52 COM4 port ack: b'doaCfg 600 1875 30 1 1 0\n'
17:45:52 COM4 port ack: b'Done\n'
17:45:55 COM4 port ack: b'SceneryParam -6 6 0.5 6\n'
17:45:55 COM4 port ack: b'Done\n'
17:45:58 COM4 port ack: b'GatingParam 4 3 2 0\n'
17:45:58 COM4 port ack: b'Done\n'
17:46:1 COM4 port ack: b'StateParam 10 5 100 100 5\n'
17:46:1 COM4 port ack: b'Error: Invalid usage of the CLI command\n'
17:46:4 COM4 port ack: b'AllocationParam 250 250 0.25 10 1 2\n'
17:46:4 COM4 port ack: b'Done\n'
17:46:7 COM4 port ack: b'AccelerationParam 1 1 1\n'
17:46:7 COM4 port ack: b"'AccelerationParam' is not recognized as a CLI command\n"
17:46:11 COM4 port ack: b'trackingCfg 1 2 250 20 52 82 50 90\n'
17:46:11 COM4 port ack: b'Done\n'
17:46:14 COM4 port ack: b'sensorStart\n'
17:46:14 COM4 port ack: b'Done\n'
17:46:17 COM4 port closed.
17:46:17 COM3 port opened
17:46:19 COM3 port closed.
17:46:19 serials.log file closing...
17:52:1 serials.log file is writable.
17:52:1 mmw_pplcount_demo_default.cfg file is readable.
17:52:1 COM4 port opened.
17:52:2 COM4 port ack: b'flushCfg\n'
17:52:2 COM4 port ack: b'Done\n'
17:52:5 COM4 port ack: b'dfeDataOutputMode 1\n'
17:52:5 COM4 port ack: b'Done\n'
17:52:8 COM4 port ack: b'channelCfg 15 5 0\n'
17:52:8 COM4 port ack: b'Done\n'
17:52:11 COM4 port ack: b'adcCfg 2 1\n'
17:52:11 COM4 port ack: b'Done\n'
17:52:14 COM4 port ack: b'adcbufCfg 0 1 1 1 \n'
17:52:14 COM4 port ack: b'Done\n'
17:52:17 COM4 port ack: b'profileCfg 0 60.6 30 10 62 0 0 53 1 128 2500 0 0 30\n'
17:52:17 COM4 port ack: b'Done\n'
17:52:20 COM4 port ack: b'chirpCfg 0 0 0 0 0 0 0 1\n'
17:52:20 COM4 port ack: b'Done\n'
17:52:23 COM4 port ack: b'chirpCfg 1 1 0 0 0 0 0 4\n'
17:52:23 COM4 port ack: b'Done\n'
17:52:27 COM4 port ack: b'frameCfg 0 1 128 0 50 1 0\n'
17:52:27 COM4 port ack: b'Done\n'
17:52:30 COM4 port ack: b'lowPower 0 1\n'
17:52:30 COM4 port ack: b'Done\n'
17:52:33 COM4 port ack: b'guiMonitor 1 1 0 0\n'
17:52:33 COM4 port ack: b'Done\n'
17:52:36 COM4 port ack: b'cfarCfg 6 4 4 4 4 16 16 4 4 50 62 0\n'
17:52:36 COM4 port ack: b'Done\n'
17:52:39 COM4 port ack: b'doaCfg 600 1875 30 1 1 0\n'
17:52:39 COM4 port ack: b'Done\n'
17:52:42 COM4 port ack: b'SceneryParam -6 6 0.5 6\n'
17:52:42 COM4 port ack: b'Done\n'
17:52:45 COM4 port ack: b'GatingParam 4 3 2 0\n'
17:52:45 COM4 port ack: b'Done\n'
17:52:48 COM4 port ack: b'StateParam 10 5 100 100 5\n'
17:52:48 COM4 port ack: b'Error: Invalid usage of the CLI command\n'
17:52:52 COM4 port ack: b'AllocationParam 250 250 0.25 10 1 2\n'
17:52:52 COM4 port ack: b'Done\n'
17:52:55 COM4 port ack: b'AccelerationParam 1 1 1\n'
17:52:55 COM4 port ack: b"'AccelerationParam' is not recognized as a CLI command\n"
17:52:58 COM4 port ack: b'trackingCfg 1 2 250 20 52 82 50 90\n'
17:52:58 COM4 port ack: b'Done\n'
17:53:1 COM4 port ack: b'sensorStart\n'
17:53:1 COM4 port ack: b'Done\n'
17:53:4 COM4 port closed.
17:53:4 COM3 port opened
17:53:6 COM3 port closed.
17:53:6 serials.log file closing...
18:33:36 serials.log file is writable.
18:33:36 data.txt file is writable.
18:33:36 mmw_pplcount_demo_default.cfg file is readable.
18:33:36 COM4 port opened.
18:33:36 COM4 port ack: b'flushCfg\n'
18:33:36 COM4 port ack: b'Done\n'
18:33:39 COM4 port ack: b'dfeDataOutputMode 1\n'
18:33:39 COM4 port ack: b'Done\n'
18:33:42 COM4 port ack: b'channelCfg 15 5 0\n'
18:33:42 COM4 port ack: b'Done\n'
18:33:45 COM4 port ack: b'adcCfg 2 1\n'
18:33:45 COM4 port ack: b'Done\n'
18:33:48 COM4 port ack: b'adcbufCfg 0 1 1 1 \n'
18:33:48 COM4 port ack: b'Done\n'
18:33:52 COM4 port ack: b'profileCfg 0 60.6 30 10 62 0 0 53 1 128 2500 0 0 30\n'
18:33:52 COM4 port ack: b'Done\n'
18:33:55 COM4 port ack: b'chirpCfg 0 0 0 0 0 0 0 1\n'
18:33:55 COM4 port ack: b'Done\n'
18:33:58 COM4 port ack: b'chirpCfg 1 1 0 0 0 0 0 4\n'
18:33:58 COM4 port ack: b'Done\n'
18:34:1 COM4 port ack: b'frameCfg 0 1 128 0 50 1 0\n'
18:34:1 COM4 port ack: b'Done\n'
18:34:4 COM4 port ack: b'lowPower 0 1\n'
18:34:4 COM4 port ack: b'Done\n'
18:34:7 COM4 port ack: b'guiMonitor 1 1 0 0\n'
18:34:7 COM4 port ack: b'Done\n'
18:34:10 COM4 port ack: b'cfarCfg 6 4 4 4 4 16 16 4 4 50 62 0\n'
18:34:10 COM4 port ack: b'Done\n'
18:34:13 COM4 port ack: b'doaCfg 600 1875 30 1 1 0\n'
18:34:13 COM4 port ack: b'Done\n'
18:34:16 COM4 port ack: b'SceneryParam -6 6 0.5 6\n'
18:34:16 COM4 port ack: b'Done\n'
18:34:20 COM4 port ack: b'GatingParam 4 3 2 0\n'
18:34:20 COM4 port ack: b'Done\n'
18:34:23 COM4 port ack: b'StateParam 10 5 100 100 5\n'
18:34:23 COM4 port ack: b'Error: Invalid usage of the CLI command\n'
18:34:26 COM4 port ack: b'AllocationParam 250 250 0.25 10 1 2\n'
18:34:26 COM4 port ack: b'Done\n'
18:34:29 COM4 port ack: b'AccelerationParam 1 1 1\n'
18:34:29 COM4 port ack: b"'AccelerationParam' is not recognized as a CLI command\n"
18:34:32 COM4 port ack: b'trackingCfg 1 2 250 20 52 82 50 90\n'
18:34:32 COM4 port ack: b'Done\n'
18:34:35 COM4 port ack: b'sensorStart\n'
18:34:35 COM4 port ack: b'Done\n'
18:34:38 COM4 port closed.
18:34:38 COM3 port opened
18:37:53 serials.log file is writable.
18:37:53 data.txt file is writable.
18:37:53 mmw_pplcount_demo_default.cfg file is readable.
18:37:53 COM4 port opened.
18:37:53 COM4 port ack: b'flushCfg\n'
18:37:53 COM4 port ack: b'Done\n'
18:37:56 COM4 port ack: b'dfeDataOutputMode 1\n'
18:37:56 COM4 port ack: b'Done\n'
18:37:59 COM4 port ack: b'channelCfg 15 5 0\n'
18:37:59 COM4 port ack: b'Done\n'
18:38:3 COM4 port ack: b'adcCfg 2 1\n'
18:38:3 COM4 port ack: b'Done\n'
18:38:6 COM4 port ack: b'adcbufCfg 0 1 1 1 \n'
18:38:6 COM4 port ack: b'Done\n'
18:38:9 COM4 port ack: b'profileCfg 0 60.6 30 10 62 0 0 53 1 128 2500 0 0 30\n'
18:38:9 COM4 port ack: b'Done\n'
18:38:12 COM4 port ack: b'chirpCfg 0 0 0 0 0 0 0 1\n'
18:38:12 COM4 port ack: b'Done\n'
18:38:15 COM4 port ack: b'chirpCfg 1 1 0 0 0 0 0 4\n'
18:38:15 COM4 port ack: b'Done\n'
18:38:18 COM4 port ack: b'frameCfg 0 1 128 0 50 1 0\n'
18:38:18 COM4 port ack: b'Done\n'
18:38:21 COM4 port ack: b'lowPower 0 1\n'
18:38:21 COM4 port ack: b'Done\n'
18:38:24 COM4 port ack: b'guiMonitor 1 1 0 0\n'
18:38:24 COM4 port ack: b'Done\n'
18:38:28 COM4 port ack: b'cfarCfg 6 4 4 4 4 16 16 4 4 50 62 0\n'
18:38:28 COM4 port ack: b'Done\n'
18:38:31 COM4 port ack: b'doaCfg 600 1875 30 1 1 0\n'
18:38:31 COM4 port ack: b'Done\n'
18:38:34 COM4 port ack: b'SceneryParam -6 6 0.5 6\n'
18:38:34 COM4 port ack: b'Done\n'
18:38:37 COM4 port ack: b'GatingParam 4 3 2 0\n'
18:38:37 COM4 port ack: b'Done\n'
18:38:40 COM4 port ack: b'StateParam 10 5 100 100 5\n'
18:38:40 COM4 port ack: b'Error: Invalid usage of the CLI command\n'
18:38:43 COM4 port ack: b'AllocationParam 250 250 0.25 10 1 2\n'
18:38:43 COM4 port ack: b'Done\n'
18:38:46 COM4 port ack: b'AccelerationParam 1 1 1\n'
18:38:46 COM4 port ack: b"'AccelerationParam' is not recognized as a CLI command\n"
18:38:49 COM4 port ack: b'trackingCfg 1 2 250 20 52 82 50 90\n'
18:38:49 COM4 port ack: b'Done\n'
18:38:53 COM4 port ack: b'sensorStart\n'
18:38:53 COM4 port ack: b'Done\n'
18:38:56 COM4 port closed.
18:38:56 COM3 port opened
18:42:20 serials.log file is writable.
18:42:20 data.txt file is writable.
18:42:20 mmw_pplcount_demo_default.cfg file is readable.
18:42:20 COM4 port opened.
18:42:20 COM4 port ack: b'flushCfg\n'
18:42:20 COM4 port ack: b'Done\n'
18:42:23 COM4 port ack: b'dfeDataOutputMode 1\n'
18:42:23 COM4 port ack: b'Done\n'
18:42:26 COM4 port ack: b'channelCfg 15 5 0\n'
18:42:26 COM4 port ack: b'Done\n'
18:42:29 COM4 port ack: b'adcCfg 2 1\n'
18:42:29 COM4 port ack: b'Done\n'
18:42:32 COM4 port ack: b'adcbufCfg 0 1 1 1 \n'
18:42:32 COM4 port ack: b'Done\n'
18:42:35 COM4 port ack: b'profileCfg 0 60.6 30 10 62 0 0 53 1 128 2500 0 0 30\n'
18:42:35 COM4 port ack: b'Done\n'
18:42:38 COM4 port ack: b'chirpCfg 0 0 0 0 0 0 0 1\n'
18:42:38 COM4 port ack: b'Done\n'
18:42:42 COM4 port ack: b'chirpCfg 1 1 0 0 0 0 0 4\n'
18:42:42 COM4 port ack: b'Done\n'
18:42:45 COM4 port ack: b'frameCfg 0 1 128 0 50 1 0\n'
18:42:45 COM4 port ack: b'Done\n'
18:42:48 COM4 port ack: b'lowPower 0 1\n'
18:42:48 COM4 port ack: b'Done\n'
18:42:51 COM4 port ack: b'guiMonitor 1 1 0 0\n'
18:42:51 COM4 port ack: b'Done\n'
18:42:54 COM4 port ack: b'cfarCfg 6 4 4 4 4 16 16 4 4 50 62 0\n'
18:42:54 COM4 port ack: b'Done\n'
18:42:57 COM4 port ack: b'doaCfg 600 1875 30 1 1 0\n'
18:42:57 COM4 port ack: b'Done\n'
18:43:0 COM4 port ack: b'SceneryParam -6 6 0.5 6\n'
18:43:0 COM4 port ack: b'Done\n'
18:43:3 COM4 port ack: b'GatingParam 4 3 2 0\n'
18:43:3 COM4 port ack: b'Done\n'
18:43:7 COM4 port ack: b'StateParam 10 5 100 100 5\n'
18:43:7 COM4 port ack: b'Error: Invalid usage of the CLI command\n'
18:43:10 COM4 port ack: b'AllocationParam 250 250 0.25 10 1 2\n'
18:43:10 COM4 port ack: b'Done\n'
18:43:13 COM4 port ack: b'AccelerationParam 1 1 1\n'
18:43:13 COM4 port ack: b"'AccelerationParam' is not recognized as a CLI command\n"
18:43:16 COM4 port ack: b'trackingCfg 1 2 250 20 52 82 50 90\n'
18:43:16 COM4 port ack: b'Done\n'
18:43:19 COM4 port ack: b'sensorStart\n'
18:43:19 COM4 port ack: b'Done\n'
18:43:22 COM4 port closed.
18:43:22 COM3 port opened
19:4:22 serials.log file is writable.
19:4:22 data.txt file is writable.
19:4:22 mmw_pplcount_demo_default.cfg file is readable.
19:4:22 COM4 port opened.
19:4:22 COM4 port ack: b'flushCfg\n'
19:4:22 COM4 port ack: b'Done\n'
19:4:25 COM4 port ack: b'dfeDataOutputMode 1\n'
19:4:25 COM4 port ack: b'Done\n'
19:4:28 COM4 port ack: b'channelCfg 15 5 0\n'
19:4:28 COM4 port ack: b'Done\n'
19:4:31 COM4 port ack: b'adcCfg 2 1\n'
19:4:31 COM4 port ack: b'Done\n'
19:4:34 COM4 port ack: b'adcbufCfg 0 1 1 1 \n'
19:4:34 COM4 port ack: b'Done\n'
19:4:38 COM4 port ack: b'profileCfg 0 60.6 30 10 62 0 0 53 1 128 2500 0 0 30\n'
19:4:38 COM4 port ack: b'Done\n'
19:4:41 COM4 port ack: b'chirpCfg 0 0 0 0 0 0 0 1\n'
19:4:41 COM4 port ack: b'Done\n'
19:4:44 COM4 port ack: b'chirpCfg 1 1 0 0 0 0 0 4\n'
19:4:44 COM4 port ack: b'Done\n'
19:4:47 COM4 port ack: b'frameCfg 0 1 128 0 50 1 0\n'
19:4:47 COM4 port ack: b'Done\n'
19:4:50 COM4 port ack: b'lowPower 0 1\n'
19:4:50 COM4 port ack: b'Done\n'
19:4:53 COM4 port ack: b'guiMonitor 1 1 0 0\n'
19:4:53 COM4 port ack: b'Done\n'
19:4:56 COM4 port ack: b'cfarCfg 6 4 4 4 4 16 16 4 4 50 62 0\n'
19:4:56 COM4 port ack: b'Done\n'
19:4:59 COM4 port ack: b'doaCfg 600 1875 30 1 1 0\n'
19:4:59 COM4 port ack: b'Done\n'
19:5:2 COM4 port ack: b'SceneryParam -6 6 0.5 6\n'
19:5:3 COM4 port ack: b'Done\n'
19:5:6 COM4 port ack: b'GatingParam 4 3 2 0\n'
19:5:6 COM4 port ack: b'Done\n'
19:5:9 COM4 port ack: b'StateParam 10 5 100 100 5\n'
19:5:9 COM4 port ack: b'Error: Invalid usage of the CLI command\n'
19:5:12 COM4 port ack: b'AllocationParam 250 250 0.25 10 1 2\n'
19:5:12 COM4 port ack: b'Done\n'
19:5:15 COM4 port ack: b'AccelerationParam 1 1 1\n'
19:5:15 COM4 port ack: b"'AccelerationParam' is not recognized as a CLI command\n"
19:5:18 COM4 port ack: b'trackingCfg 1 2 250 20 52 82 50 90\n'
19:5:18 COM4 port ack: b'Done\n'
19:5:21 COM4 port ack: b'sensorStart\n'
19:5:21 COM4 port ack: b'Done\n'
19:5:24 COM4 port closed.
19:5:24 COM3 port opened
19:26:45 COM3 port closed.
19:26:45 serials.log file closing...
19:27:4 serials.log file is writable.
19:27:4 data.txt file is writable.
19:27:4 mmw_pplcount_demo_default.cfg file is readable.
19:27:4 COM4 port opened.
19:27:4 COM4 port ack: b'flushCfg\n'
19:27:4 COM4 port ack: b'Done\n'
19:27:7 COM4 port ack: b'dfeDataOutputMode 1\n'
19:27:7 COM4 port ack: b'Done\n'
19:27:10 COM4 port ack: b'channelCfg 15 5 0\n'
19:27:10 COM4 port ack: b'Done\n'
19:27:13 COM4 port ack: b'adcCfg 2 1\n'
19:27:13 COM4 port ack: b'Done\n'
19:27:16 COM4 port ack: b'adcbufCfg 0 1 1 1 \n'
19:27:16 COM4 port ack: b'Done\n'
19:27:19 COM4 port ack: b'profileCfg 0 60.6 30 10 62 0 0 53 1 128 2500 0 0 30\n'
19:27:19 COM4 port ack: b'Done\n'
19:27:22 COM4 port ack: b'chirpCfg 0 0 0 0 0 0 0 1\n'
19:27:22 COM4 port ack: b'Done\n'
19:27:26 COM4 port ack: b'chirpCfg 1 1 0 0 0 0 0 4\n'
19:27:26 COM4 port ack: b'Done\n'
19:27:29 COM4 port ack: b'frameCfg 0 1 128 0 50 1 0\n'
19:27:29 COM4 port ack: b'Done\n'
19:27:32 COM4 port ack: b'lowPower 0 1\n'
19:27:32 COM4 port ack: b'Done\n'
19:27:35 COM4 port ack: b'guiMonitor 1 1 0 0\n'
19:27:35 COM4 port ack: b'Done\n'
19:27:38 COM4 port ack: b'cfarCfg 6 4 4 4 4 16 16 4 4 50 62 0\n'
19:27:38 COM4 port ack: b'Done\n'
19:27:41 COM4 port ack: b'doaCfg 600 1875 30 1 1 0\n'
19:27:41 COM4 port ack: b'Done\n'
19:27:44 COM4 port ack: b'SceneryParam -6 6 0.5 6\n'
19:27:44 COM4 port ack: b'Done\n'
19:27:47 COM4 port ack: b'GatingParam 4 3 2 0\n'
19:27:47 COM4 port ack: b'Done\n'
19:27:51 COM4 port ack: b'StateParam 10 5 100 100 5\n'
19:27:51 COM4 port ack: b'Error: Invalid usage of the CLI command\n'
19:27:54 COM4 port ack: b'AllocationParam 250 250 0.25 10 1 2\n'
19:27:54 COM4 port ack: b'Done\n'
19:27:57 COM4 port ack: b'AccelerationParam 1 1 1\n'
19:27:57 COM4 port ack: b"'AccelerationParam' is not recognized as a CLI command\n"
19:28:0 COM4 port ack: b'trackingCfg 1 2 250 20 52 82 50 90\n'
19:28:0 COM4 port ack: b'Done\n'
19:28:3 COM4 port ack: b'sensorStart\n'
19:28:3 COM4 port ack: b'Done\n'
19:28:6 COM4 port closed.
19:28:6 COM3 port opened
19:29:48 COM3 port closed.
19:29:48 serials.log file closing...
19:33:56 serials.log file is writable.
19:33:56 data.txt file is writable.
19:33:56 mmw_pplcount_demo_default.cfg file is readable.
19:33:56 COM4 port opened.
19:33:56 COM4 port ack: b'flushCfg\n'
19:33:56 COM4 port ack: b'Done\n'
19:33:59 COM4 port ack: b'dfeDataOutputMode 1\n'
19:33:59 COM4 port ack: b'Done\n'
19:34:3 COM4 port ack: b'channelCfg 15 5 0\n'
19:34:3 COM4 port ack: b'Done\n'
19:34:6 COM4 port ack: b'adcCfg 2 1\n'
19:34:6 COM4 port ack: b'Done\n'
19:34:9 COM4 port ack: b'adcbufCfg 0 1 1 1 \n'
19:34:9 COM4 port ack: b'Done\n'
19:34:12 COM4 port ack: b'profileCfg 0 60.6 30 10 62 0 0 53 1 128 2500 0 0 30\n'
19:34:12 COM4 port ack: b'Done\n'
19:34:15 COM4 port ack: b'chirpCfg 0 0 0 0 0 0 0 1\n'
19:34:15 COM4 port ack: b'Done\n'
19:34:18 COM4 port ack: b'chirpCfg 1 1 0 0 0 0 0 4\n'
19:34:18 COM4 port ack: b'Done\n'
19:34:21 COM4 port ack: b'frameCfg 0 1 128 0 50 1 0\n'
19:34:21 COM4 port ack: b'Done\n'
19:34:24 COM4 port ack: b'lowPower 0 1\n'
19:34:24 COM4 port ack: b'Done\n'
19:34:28 COM4 port ack: b'guiMonitor 1 1 0 0\n'
19:34:28 COM4 port ack: b'Done\n'
19:34:31 COM4 port ack: b'cfarCfg 6 4 4 4 4 16 16 4 4 50 62 0\n'
19:34:31 COM4 port ack: b'Done\n'
19:34:34 COM4 port ack: b'doaCfg 600 1875 30 1 1 0\n'
19:34:34 COM4 port ack: b'Done\n'
19:34:37 COM4 port ack: b'SceneryParam -6 6 0.5 6\n'
19:34:37 COM4 port ack: b'Done\n'
19:34:40 COM4 port ack: b'GatingParam 4 3 2 0\n'
19:34:40 COM4 port ack: b'Done\n'
19:34:43 COM4 port ack: b'StateParam 10 5 100 100 5\n'
19:34:43 COM4 port ack: b'Error: Invalid usage of the CLI command\n'
19:34:46 COM4 port ack: b'AllocationParam 250 250 0.25 10 1 2\n'
19:34:46 COM4 port ack: b'Done\n'
19:34:49 COM4 port ack: b'AccelerationParam 1 1 1\n'
19:34:49 COM4 port ack: b"'AccelerationParam' is not recognized as a CLI command\n"
19:34:53 COM4 port ack: b'trackingCfg 1 2 250 20 52 82 50 90\n'
19:34:53 COM4 port ack: b'Done\n'
19:34:56 COM4 port ack: b'sensorStart\n'
19:34:56 COM4 port ack: b'Done\n'
19:34:59 COM4 port closed.
19:34:59 COM3 port opened
19:36:50 COM3 port closed.
19:36:50 data.txt file closing...
19:36:50 data.txt file is closed.
19:36:50 serials.log file closing...
19:41:23 serials.log file is writable.
19:41:23 data.txt file is writable.
19:41:23 mmw_pplcount_demo_default.cfg file is readable.
19:41:23 COM4 port opened.
19:41:23 COM4 port ack: b'flushCfg\n'
19:41:23 COM4 port ack: b'Done\n'
19:41:26 COM4 port ack: b'dfeDataOutputMode 1\n'
19:41:26 COM4 port ack: b'Done\n'
19:41:30 COM4 port ack: b'channelCfg 15 5 0\n'
19:41:30 COM4 port ack: b'Done\n'
19:41:33 COM4 port ack: b'adcCfg 2 1\n'
19:41:33 COM4 port ack: b'Done\n'
19:41:36 COM4 port ack: b'adcbufCfg 0 1 1 1 \n'
19:41:36 COM4 port ack: b'Done\n'
19:41:39 COM4 port ack: b'profileCfg 0 60.6 30 10 62 0 0 53 1 128 2500 0 0 30\n'
19:41:39 COM4 port ack: b'Done\n'
19:41:42 COM4 port ack: b'chirpCfg 0 0 0 0 0 0 0 1\n'
19:41:42 COM4 port ack: b'Done\n'
19:41:45 COM4 port ack: b'chirpCfg 1 1 0 0 0 0 0 4\n'
19:41:45 COM4 port ack: b'Done\n'
19:41:48 COM4 port ack: b'frameCfg 0 1 128 0 50 1 0\n'
19:41:48 COM4 port ack: b'Done\n'
19:41:51 COM4 port ack: b'lowPower 0 1\n'
19:41:51 COM4 port ack: b'Done\n'
19:41:54 COM4 port ack: b'guiMonitor 1 1 0 0\n'
19:41:54 COM4 port ack: b'Done\n'
19:41:58 COM4 port ack: b'cfarCfg 6 4 4 4 4 16 16 4 4 50 62 0\n'
19:41:58 COM4 port ack: b'Done\n'
19:42:1 COM4 port ack: b'doaCfg 600 1875 30 1 1 0\n'
19:42:1 COM4 port ack: b'Done\n'
19:42:4 COM4 port ack: b'SceneryParam -6 6 0.5 6\n'
19:42:4 COM4 port ack: b'Done\n'
19:42:7 COM4 port ack: b'GatingParam 4 3 2 0\n'
19:42:7 COM4 port ack: b'Done\n'
19:42:10 COM4 port ack: b'StateParam 10 5 100 100 5\n'
19:42:10 COM4 port ack: b'Error: Invalid usage of the CLI command\n'
19:42:13 COM4 port ack: b'AllocationParam 250 250 0.25 10 1 2\n'
19:42:13 COM4 port ack: b'Done\n'
19:42:16 COM4 port ack: b'AccelerationParam 1 1 1\n'
19:42:16 COM4 port ack: b"'AccelerationParam' is not recognized as a CLI command\n"
19:42:20 COM4 port ack: b'trackingCfg 1 2 250 20 52 82 50 90\n'
19:42:20 COM4 port ack: b'Done\n'
19:42:23 COM4 port ack: b'sensorStart\n'
19:42:23 COM4 port ack: b'Done\n'
19:42:26 COM4 port closed.
19:42:26 COM3 port opened
19:42:56 COM3 port closed.
19:42:56 data.txt file is closed.
19:42:56 serials.log file closing...
19:43:17 serials.log file is writable.
19:43:17 data.txt file is writable.
19:43:17 mmw_pplcount_demo_default.cfg file is readable.
19:43:17 COM4 port opened.
19:43:17 COM4 port ack: b'flushCfg\n'
19:43:17 COM4 port ack: b'Done\n'
19:43:20 COM4 port ack: b'dfeDataOutputMode 1\n'
19:43:20 COM4 port ack: b'Done\n'
19:43:24 COM4 port ack: b'channelCfg 15 5 0\n'
19:43:24 COM4 port ack: b'Done\n'
19:43:27 COM4 port ack: b'adcCfg 2 1\n'
19:43:27 COM4 port ack: b'Done\n'
19:43:30 COM4 port ack: b'adcbufCfg 0 1 1 1 \n'
19:43:30 COM4 port ack: b'Done\n'
19:43:33 COM4 port ack: b'profileCfg 0 60.6 30 10 62 0 0 53 1 128 2500 0 0 30\n'
19:43:33 COM4 port ack: b'Done\n'
19:43:36 COM4 port ack: b'chirpCfg 0 0 0 0 0 0 0 1\n'
19:43:36 COM4 port ack: b'Done\n'
19:43:39 COM4 port ack: b'chirpCfg 1 1 0 0 0 0 0 4\n'
19:43:39 COM4 port ack: b'Done\n'
19:43:42 COM4 port ack: b'frameCfg 0 1 128 0 50 1 0\n'
19:43:42 COM4 port ack: b'Done\n'
19:43:45 COM4 port ack: b'lowPower 0 1\n'
19:43:45 COM4 port ack: b'Done\n'
19:43:49 COM4 port ack: b'guiMonitor 1 1 0 0\n'
19:43:49 COM4 port ack: b'Done\n'
19:43:52 COM4 port ack: b'cfarCfg 6 4 4 4 4 16 16 4 4 50 62 0\n'
19:43:52 COM4 port ack: b'Done\n'
19:43:55 COM4 port ack: b'doaCfg 600 1875 30 1 1 0\n'
19:43:55 COM4 port ack: b'Done\n'
19:43:58 COM4 port ack: b'SceneryParam -6 6 0.5 6\n'
19:43:58 COM4 port ack: b'Done\n'
19:44:1 COM4 port ack: b'GatingParam 4 3 2 0\n'
19:44:1 COM4 port ack: b'Done\n'
19:44:4 COM4 port ack: b'StateParam 10 5 100 100 5\n'
19:44:4 COM4 port ack: b'Error: Invalid usage of the CLI command\n'
19:44:7 COM4 port ack: b'AllocationParam 250 250 0.25 10 1 2\n'
19:44:7 COM4 port ack: b'Done\n'
19:44:10 COM4 port ack: b'AccelerationParam 1 1 1\n'
19:44:10 COM4 port ack: b"'AccelerationParam' is not recognized as a CLI command\n"
19:44:14 COM4 port ack: b'trackingCfg 1 2 250 20 52 82 50 90\n'
19:44:14 COM4 port ack: b'Done\n'
19:44:17 COM4 port ack: b'sensorStart\n'
19:44:17 COM4 port ack: b'Done\n'
19:44:20 COM4 port closed.
19:44:20 COM3 port opened
19:45:26 COM3 port closed.
19:45:26 data.txt file is closed.
19:45:26 serials.log file closing...
20:57:3 serials.log file is writable.
20:57:3 data.txt file is writable.
20:57:3 mmw_pplcount_demo_default.cfg file is readable.
20:57:4 COM4 port opened.
20:57:4 COM4 port ack: b'flushCfg\n'
20:57:4 COM4 port ack: b'Done\n'
20:57:7 COM4 port ack: b'dfeDataOutputMode 1\n'
20:57:7 COM4 port ack: b'Done\n'
20:57:10 COM4 port ack: b'channelCfg 15 5 0\n'
20:57:10 COM4 port ack: b'Done\n'
20:57:13 COM4 port ack: b'adcCfg 2 1\n'
20:57:13 COM4 port ack: b'Done\n'
20:57:16 COM4 port ack: b'adcbufCfg 0 1 1 1 \n'
20:57:16 COM4 port ack: b'Done\n'
20:57:19 COM4 port ack: b'profileCfg 0 60.6 30 10 62 0 0 53 1 128 2500 0 0 30\n'
20:57:19 COM4 port ack: b'Done\n'
20:57:22 COM4 port ack: b'chirpCfg 0 0 0 0 0 0 0 1\n'
20:57:22 COM4 port ack: b'Done\n'
20:57:25 COM4 port ack: b'chirpCfg 1 1 0 0 0 0 0 4\n'
20:57:25 COM4 port ack: b'Done\n'
20:57:29 COM4 port ack: b'frameCfg 0 1 128 0 50 1 0\n'
20:57:29 COM4 port ack: b'Done\n'
20:57:32 COM4 port ack: b'lowPower 0 1\n'
20:57:32 COM4 port ack: b'Done\n'
20:57:35 COM4 port ack: b'guiMonitor 1 1 0 0\n'
20:57:35 COM4 port ack: b'Done\n'
20:57:38 COM4 port ack: b'cfarCfg 6 4 4 4 4 16 16 4 4 50 62 0\n'
20:57:38 COM4 port ack: b'Done\n'
20:57:41 COM4 port ack: b'doaCfg 600 1875 30 1 1 0\n'
20:57:41 COM4 port ack: b'Done\n'
20:57:44 COM4 port ack: b'SceneryParam -6 6 0.5 6\n'
20:57:44 COM4 port ack: b'Done\n'
20:57:47 COM4 port ack: b'GatingParam 4 3 2 0\n'
20:57:47 COM4 port ack: b'Done\n'
20:57:50 COM4 port ack: b'StateParam 10 5 100 100 5\n'
20:57:50 COM4 port ack: b'Error: Invalid usage of the CLI command\n'
20:57:54 COM4 port ack: b'AllocationParam 250 250 0.25 10 1 2\n'
20:57:54 COM4 port ack: b'Done\n'
20:57:57 COM4 port ack: b'AccelerationParam 1 1 1\n'
20:57:57 COM4 port ack: b"'AccelerationParam' is not recognized as a CLI command\n"
20:58:0 COM4 port ack: b'trackingCfg 1 2 250 20 52 82 50 90\n'
20:58:0 COM4 port ack: b'Done\n'
20:58:3 COM4 port ack: b'sensorStart\n'
20:58:3 COM4 port ack: b'Done\n'
20:58:6 COM4 port closed.
20:58:6 COM3 port opened
20:58:16 COM3 port closed.
20:58:16 data.txt file is closed.
20:58:16 serials.log file closing...
21:46:25 serials.log file is writable.
21:46:25 data.txt file is writable.
21:46:25 mmw_pplcount_demo_default.cfg file is readable.
21:46:25 COM4 port opened.
21:46:25 COM4 port ack: b'flushCfg\n'
21:46:25 COM4 port ack: b'Done\n'
21:46:28 COM4 port ack: b'dfeDataOutputMode 1\n'
21:46:28 COM4 port ack: b'Done\n'
21:46:32 COM4 port ack: b'channelCfg 15 5 0\n'
21:46:32 COM4 port ack: b'Done\n'
21:46:35 COM4 port ack: b'adcCfg 2 1\n'
21:46:35 COM4 port ack: b'Done\n'
21:46:38 COM4 port ack: b'adcbufCfg 0 1 1 1 \n'
21:46:38 COM4 port ack: b'Done\n'
21:46:41 COM4 port ack: b'profileCfg 0 60.6 30 10 62 0 0 53 1 128 2500 0 0 30\n'
21:46:41 COM4 port ack: b'Done\n'
21:46:44 COM4 port ack: b'chirpCfg 0 0 0 0 0 0 0 1\n'
21:46:44 COM4 port ack: b'Done\n'
21:46:47 COM4 port ack: b'chirpCfg 1 1 0 0 0 0 0 4\n'
21:46:47 COM4 port ack: b'Done\n'
21:46:50 COM4 port ack: b'frameCfg 0 1 128 0 50 1 0\n'
21:46:50 COM4 port ack: b'Done\n'
21:46:53 COM4 port ack: b'lowPower 0 1\n'
21:46:53 COM4 port ack: b'Done\n'
21:46:57 COM4 port ack: b'guiMonitor 1 1 0 0\n'
21:46:57 COM4 port ack: b'Done\n'
21:47:0 COM4 port ack: b'cfarCfg 6 4 4 4 4 16 16 4 4 50 62 0\n'
21:47:0 COM4 port ack: b'Done\n'
21:47:3 COM4 port ack: b'doaCfg 600 1875 30 1 1 0\n'
21:47:3 COM4 port ack: b'Done\n'
21:47:6 COM4 port ack: b'SceneryParam -6 6 0.5 6\n'
21:47:6 COM4 port ack: b'Done\n'
21:47:9 COM4 port ack: b'GatingParam 4 3 2 0\n'
21:47:9 COM4 port ack: b'Done\n'
21:47:12 COM4 port ack: b'StateParam 10 5 100 100 5\n'
21:47:12 COM4 port ack: b'Error: Invalid usage of the CLI command\n'
21:47:15 COM4 port ack: b'AllocationParam 250 250 0.25 10 1 2\n'
21:47:15 COM4 port ack: b'Done\n'
21:47:18 COM4 port ack: b'AccelerationParam 1 1 1\n'
21:47:18 COM4 port ack: b"'AccelerationParam' is not recognized as a CLI command\n"
21:47:21 COM4 port ack: b'trackingCfg 1 2 250 20 52 82 50 90\n'
21:47:21 COM4 port ack: b'Done\n'
21:47:25 COM4 port ack: b'sensorStart\n'
21:47:25 COM4 port ack: b'Done\n'
21:47:28 COM4 port closed.
21:47:28 COM3 port opened
21:57:8 serials.log file is writable.
21:57:8 data.txt file is writable.
21:57:8 mmw_pplcount_demo_default.cfg file is readable.
21:57:8 COM4 port opened.
21:57:8 COM4 port ack: b'flushCfg\n'
21:57:8 COM4 port ack: b'Done\n'
21:57:11 COM4 port ack: b'dfeDataOutputMode 1\n'
21:57:11 COM4 port ack: b'Done\n'
21:57:14 COM4 port ack: b'channelCfg 15 5 0\n'
21:57:14 COM4 port ack: b'Done\n'
21:57:17 COM4 port ack: b'adcCfg 2 1\n'
21:57:17 COM4 port ack: b'Done\n'
21:57:20 COM4 port ack: b'adcbufCfg 0 1 1 1 \n'
21:57:20 COM4 port ack: b'Done\n'
21:57:23 COM4 port ack: b'profileCfg 0 60.6 30 10 62 0 0 53 1 128 2500 0 0 30\n'
21:57:23 COM4 port ack: b'Done\n'
21:57:26 COM4 port ack: b'chirpCfg 0 0 0 0 0 0 0 1\n'
21:57:26 COM4 port ack: b'Done\n'
21:57:30 COM4 port ack: b'chirpCfg 1 1 0 0 0 0 0 4\n'
21:57:30 COM4 port ack: b'Done\n'
21:57:33 COM4 port ack: b'frameCfg 0 1 128 0 50 1 0\n'
21:57:33 COM4 port ack: b'Done\n'
21:57:36 COM4 port ack: b'lowPower 0 1\n'
21:57:36 COM4 port ack: b'Done\n'
21:57:39 COM4 port ack: b'guiMonitor 1 1 0 0\n'
21:57:39 COM4 port ack: b'Done\n'
21:57:42 COM4 port ack: b'cfarCfg 6 4 4 4 4 16 16 4 4 50 62 0\n'
21:57:42 COM4 port ack: b'Done\n'
21:57:45 COM4 port ack: b'doaCfg 600 1875 30 1 1 0\n'
21:57:45 COM4 port ack: b'Done\n'
21:57:48 COM4 port ack: b'SceneryParam -6 6 0.5 6\n'
21:57:48 COM4 port ack: b'Done\n'
21:57:51 COM4 port ack: b'GatingParam 4 3 2 0\n'
21:57:51 COM4 port ack: b'Done\n'
21:57:55 COM4 port ack: b'StateParam 10 5 100 100 5\n'
21:57:55 COM4 port ack: b'Error: Invalid usage of the CLI command\n'
21:57:58 COM4 port ack: b'AllocationParam 250 250 0.25 10 1 2\n'
21:57:58 COM4 port ack: b'Done\n'
21:58:1 COM4 port ack: b'AccelerationParam 1 1 1\n'
21:58:1 COM4 port ack: b"'AccelerationParam' is not recognized as a CLI command\n"
21:58:4 COM4 port ack: b'trackingCfg 1 2 250 20 52 82 50 90\n'
21:58:4 COM4 port ack: b'Done\n'
21:58:7 COM4 port ack: b'sensorStart\n'
21:58:7 COM4 port ack: b'Done\n'
21:58:10 COM4 port closed.
21:58:10 COM3 port opened
22:1:50 serials.log file is writable.
22:1:50 data.txt file is writable.
22:1:50 mmw_pplcount_demo_default.cfg file is readable.
22:1:50 COM4 port opened.
22:1:50 COM4 port ack: b'flushCfg\n'
22:1:50 COM4 port ack: b'Done\n'
22:1:53 COM4 port ack: b'dfeDataOutputMode 1\n'
22:1:53 COM4 port ack: b'Done\n'
22:1:56 COM4 port ack: b'channelCfg 15 5 0\n'
22:1:56 COM4 port ack: b'Done\n'
22:1:59 COM4 port ack: b'adcCfg 2 1\n'
22:1:59 COM4 port ack: b'Done\n'
22:2:2 COM4 port ack: b'adcbufCfg 0 1 1 1 \n'
22:2:2 COM4 port ack: b'Done\n'
22:2:6 COM4 port ack: b'profileCfg 0 60.6 30 10 62 0 0 53 1 128 2500 0 0 30\n'
22:2:6 COM4 port ack: b'Done\n'
22:2:9 COM4 port ack: b'chirpCfg 0 0 0 0 0 0 0 1\n'
22:2:9 COM4 port ack: b'Done\n'
22:2:12 COM4 port ack: b'chirpCfg 1 1 0 0 0 0 0 4\n'
22:2:12 COM4 port ack: b'Done\n'
22:2:15 COM4 port ack: b'frameCfg 0 1 128 0 50 1 0\n'
22:2:15 COM4 port ack: b'Done\n'
22:2:18 COM4 port ack: b'lowPower 0 1\n'
22:2:18 COM4 port ack: b'Done\n'
22:2:21 COM4 port ack: b'guiMonitor 1 1 0 0\n'
22:2:21 COM4 port ack: b'Done\n'
22:2:24 COM4 port ack: b'cfarCfg 6 4 4 4 4 16 16 4 4 50 62 0\n'
22:2:24 COM4 port ack: b'Done\n'
22:2:27 COM4 port ack: b'doaCfg 600 1875 30 1 1 0\n'
22:2:27 COM4 port ack: b'Done\n'
22:2:31 COM4 port ack: b'SceneryParam -6 6 0.5 6\n'
22:2:31 COM4 port ack: b'Done\n'
22:2:34 COM4 port ack: b'GatingParam 4 3 2 0\n'
22:2:34 COM4 port ack: b'Done\n'
22:2:37 COM4 port ack: b'StateParam 10 5 100 100 5\n'
22:2:37 COM4 port ack: b'Error: Invalid usage of the CLI command\n'
22:2:40 COM4 port ack: b'AllocationParam 250 250 0.25 10 1 2\n'
22:2:40 COM4 port ack: b'Done\n'
22:2:43 COM4 port ack: b'AccelerationParam 1 1 1\n'
22:2:43 COM4 port ack: b"'AccelerationParam' is not recognized as a CLI command\n"
22:2:46 COM4 port ack: b'trackingCfg 1 2 250 20 52 82 50 90\n'
22:2:46 COM4 port ack: b'Done\n'
22:2:49 COM4 port ack: b'sensorStart\n'
22:2:49 COM4 port ack: b'Done\n'
22:2:52 COM4 port closed.
22:2:52 COM3 port opened
22:4:14 serials.log file is writable.
22:4:14 data.txt file is writable.
22:4:14 mmw_pplcount_demo_default.cfg file is readable.
22:4:14 COM4 port opened.
22:4:14 COM4 port ack: b'flushCfg\n'
22:4:14 COM4 port ack: b'Done\n'
22:4:18 COM4 port ack: b'dfeDataOutputMode 1\n'
22:4:18 COM4 port ack: b'Done\n'
22:4:21 COM4 port ack: b'channelCfg 15 5 0\n'
22:4:21 COM4 port ack: b'Done\n'
22:4:24 COM4 port ack: b'adcCfg 2 1\n'
22:4:24 COM4 port ack: b'Done\n'
22:4:27 COM4 port ack: b'adcbufCfg 0 1 1 1 \n'
22:4:27 COM4 port ack: b'Done\n'
22:4:30 COM4 port ack: b'profileCfg 0 60.6 30 10 62 0 0 53 1 128 2500 0 0 30\n'
22:4:30 COM4 port ack: b'Done\n'
22:4:33 COM4 port ack: b'chirpCfg 0 0 0 0 0 0 0 1\n'
22:4:33 COM4 port ack: b'Done\n'
22:4:36 COM4 port ack: b'chirpCfg 1 1 0 0 0 0 0 4\n'
22:4:36 COM4 port ack: b'Done\n'
22:4:39 COM4 port ack: b'frameCfg 0 1 128 0 50 1 0\n'
22:4:39 COM4 port ack: b'Done\n'
22:4:43 COM4 port ack: b'lowPower 0 1\n'
22:4:43 COM4 port ack: b'Done\n'
22:4:46 COM4 port ack: b'guiMonitor 1 1 0 0\n'
22:4:46 COM4 port ack: b'Done\n'
22:4:49 COM4 port ack: b'cfarCfg 6 4 4 4 4 16 16 4 4 50 62 0\n'
22:4:49 COM4 port ack: b'Done\n'
22:4:52 COM4 port ack: b'doaCfg 600 1875 30 1 1 0\n'
22:4:52 COM4 port ack: b'Done\n'
22:4:55 COM4 port ack: b'SceneryParam -6 6 0.5 6\n'
22:4:55 COM4 port ack: b'Done\n'
22:4:58 COM4 port ack: b'GatingParam 4 3 2 0\n'
22:4:58 COM4 port ack: b'Done\n'
22:5:1 COM4 port ack: b'StateParam 10 5 100 100 5\n'
22:5:1 COM4 port ack: b'Error: Invalid usage of the CLI command\n'
22:5:4 COM4 port ack: b'AllocationParam 250 250 0.25 10 1 2\n'
22:5:4 COM4 port ack: b'Done\n'
22:5:7 COM4 port ack: b'AccelerationParam 1 1 1\n'
22:5:7 COM4 port ack: b"'AccelerationParam' is not recognized as a CLI command\n"
22:5:11 COM4 port ack: b'trackingCfg 1 2 250 20 52 82 50 90\n'
22:5:11 COM4 port ack: b'Done\n'
22:5:14 COM4 port ack: b'sensorStart\n'
22:5:14 COM4 port ack: b'Done\n'
22:5:17 COM4 port closed.
22:5:17 COM3 port opened
22:5:27 COM3 port closed.
22:5:27 data.txt file is closed.
22:5:27 serials.log file closing...
22:6:25 serials.log file is writable.
22:6:25 data.txt file is writable.
22:6:25 mmw_pplcount_demo_default.cfg file is readable.
22:6:25 COM4 port opened.
22:6:25 COM4 port ack: b'flushCfg\n'
22:6:25 COM4 port ack: b'Done\n'
22:6:28 COM4 port ack: b'dfeDataOutputMode 1\n'
22:6:28 COM4 port ack: b'Done\n'
22:6:32 COM4 port ack: b'channelCfg 15 5 0\n'
22:6:32 COM4 port ack: b'Done\n'
22:6:35 COM4 port ack: b'adcCfg 2 1\n'
22:6:35 COM4 port ack: b'Done\n'
22:6:38 COM4 port ack: b'adcbufCfg 0 1 1 1 \n'
22:6:38 COM4 port ack: b'Done\n'
22:6:41 COM4 port ack: b'profileCfg 0 60.6 30 10 62 0 0 53 1 128 2500 0 0 30\n'
22:6:41 COM4 port ack: b'Done\n'
22:6:44 COM4 port ack: b'chirpCfg 0 0 0 0 0 0 0 1\n'
22:6:44 COM4 port ack: b'Done\n'
22:6:47 COM4 port ack: b'chirpCfg 1 1 0 0 0 0 0 4\n'
22:6:47 COM4 port ack: b'Done\n'
22:6:50 COM4 port ack: b'frameCfg 0 1 128 0 50 1 0\n'
22:6:50 COM4 port ack: b'Done\n'
22:6:53 COM4 port ack: b'lowPower 0 1\n'
22:6:53 COM4 port ack: b'Done\n'
22:6:57 COM4 port ack: b'guiMonitor 1 1 0 0\n'
22:6:57 COM4 port ack: b'Done\n'
22:7:0 COM4 port ack: b'cfarCfg 6 4 4 4 4 16 16 4 4 50 62 0\n'
22:7:0 COM4 port ack: b'Done\n'
22:7:3 COM4 port ack: b'doaCfg 600 1875 30 1 1 0\n'
22:7:3 COM4 port ack: b'Done\n'
22:7:6 COM4 port ack: b'SceneryParam -6 6 0.5 6\n'
22:7:6 COM4 port ack: b'Done\n'
22:7:9 COM4 port ack: b'GatingParam 4 3 2 0\n'
22:7:9 COM4 port ack: b'Done\n'
22:7:12 COM4 port ack: b'StateParam 10 5 100 100 5\n'
22:7:12 COM4 port ack: b'Error: Invalid usage of the CLI command\n'
22:7:15 COM4 port ack: b'AllocationParam 250 250 0.25 10 1 2\n'
22:7:15 COM4 port ack: b'Done\n'
22:7:18 COM4 port ack: b'AccelerationParam 1 1 1\n'
22:7:18 COM4 port ack: b"'AccelerationParam' is not recognized as a CLI command\n"
22:7:22 COM4 port ack: b'trackingCfg 1 2 250 20 52 82 50 90\n'
22:7:22 COM4 port ack: b'Done\n'
22:7:25 COM4 port ack: b'sensorStart\n'
22:7:25 COM4 port ack: b'Done\n'
22:7:28 COM4 port closed.
22:7:28 COM3 port opened
22:8:6 serials.log file is writable.
22:8:6 data.txt file is writable.
22:8:6 mmw_pplcount_demo_default.cfg file is readable.
22:8:6 COM4 port opened.
22:8:6 COM4 port ack: b'flushCfg\n'
22:8:6 COM4 port ack: b'Done\n'
22:8:9 COM4 port ack: b'dfeDataOutputMode 1\n'
22:8:9 COM4 port ack: b'Done\n'
22:8:12 COM4 port ack: b'channelCfg 15 5 0\n'
22:8:12 COM4 port ack: b'Done\n'
22:8:15 COM4 port ack: b'adcCfg 2 1\n'
22:8:15 COM4 port ack: b'Done\n'
22:8:19 COM4 port ack: b'adcbufCfg 0 1 1 1 \n'
22:8:19 COM4 port ack: b'Done\n'
22:8:22 COM4 port ack: b'profileCfg 0 60.6 30 10 62 0 0 53 1 128 2500 0 0 30\n'
22:8:22 COM4 port ack: b'Done\n'
22:8:25 COM4 port ack: b'chirpCfg 0 0 0 0 0 0 0 1\n'
22:8:25 COM4 port ack: b'Done\n'
22:8:28 COM4 port ack: b'chirpCfg 1 1 0 0 0 0 0 4\n'
22:8:28 COM4 port ack: b'Done\n'
22:8:31 COM4 port ack: b'frameCfg 0 1 128 0 50 1 0\n'
22:8:31 COM4 port ack: b'Done\n'
22:8:34 COM4 port ack: b'lowPower 0 1\n'
22:8:34 COM4 port ack: b'Done\n'
22:8:37 COM4 port ack: b'guiMonitor 1 1 0 0\n'
22:8:37 COM4 port ack: b'Done\n'
22:8:40 COM4 port ack: b'cfarCfg 6 4 4 4 4 16 16 4 4 50 62 0\n'
22:8:40 COM4 port ack: b'Done\n'
22:8:43 COM4 port ack: b'doaCfg 600 1875 30 1 1 0\n'
22:8:43 COM4 port ack: b'Done\n'
22:8:47 COM4 port ack: b'SceneryParam -6 6 0.5 6\n'
22:8:47 COM4 port ack: b'Done\n'
22:8:50 COM4 port ack: b'GatingParam 4 3 2 0\n'
22:8:50 COM4 port ack: b'Done\n'
22:8:53 COM4 port ack: b'StateParam 10 5 100 100 5\n'
22:8:53 COM4 port ack: b'Error: Invalid usage of the CLI command\n'
22:8:56 COM4 port ack: b'AllocationParam 250 250 0.25 10 1 2\n'
22:8:56 COM4 port ack: b'Done\n'
22:8:59 COM4 port ack: b'AccelerationParam 1 1 1\n'
22:8:59 COM4 port ack: b"'AccelerationParam' is not recognized as a CLI command\n"
22:9:2 COM4 port ack: b'trackingCfg 1 2 250 20 52 82 50 90\n'
22:9:2 COM4 port ack: b'Done\n'
22:9:5 COM4 port ack: b'sensorStart\n'
22:9:5 COM4 port ack: b'Done\n'
22:9:8 COM4 port closed.
22:9:8 COM3 port opened
22:10:42 serials.log file is writable.
22:10:42 data.txt file is writable.
22:10:42 mmw_pplcount_demo_default.cfg file is readable.
22:10:42 COM4 port opened.
22:10:42 COM4 port ack: b'flushCfg\n'
22:10:42 COM4 port ack: b'Done\n'
22:10:45 COM4 port ack: b'dfeDataOutputMode 1\n'
22:10:45 COM4 port ack: b'Done\n'
22:10:48 COM4 port ack: b'channelCfg 15 5 0\n'
22:10:48 COM4 port ack: b'Done\n'
22:10:51 COM4 port ack: b'adcCfg 2 1\n'
22:10:51 COM4 port ack: b'Done\n'
22:10:54 COM4 port ack: b'adcbufCfg 0 1 1 1 \n'
22:10:54 COM4 port ack: b'Done\n'
22:10:57 COM4 port ack: b'profileCfg 0 60.6 30 10 62 0 0 53 1 128 2500 0 0 30\n'
22:10:57 COM4 port ack: b'Done\n'
22:11:1 COM4 port ack: b'chirpCfg 0 0 0 0 0 0 0 1\n'
22:11:1 COM4 port ack: b'Done\n'
22:11:4 COM4 port ack: b'chirpCfg 1 1 0 0 0 0 0 4\n'
22:11:4 COM4 port ack: b'Done\n'
22:11:7 COM4 port ack: b'frameCfg 0 1 128 0 50 1 0\n'
22:11:7 COM4 port ack: b'Done\n'
22:11:10 COM4 port ack: b'lowPower 0 1\n'
22:11:10 COM4 port ack: b'Done\n'
22:11:13 COM4 port ack: b'guiMonitor 1 1 0 0\n'
22:11:13 COM4 port ack: b'Done\n'
22:11:16 COM4 port ack: b'cfarCfg 6 4 4 4 4 16 16 4 4 50 62 0\n'
22:11:16 COM4 port ack: b'Done\n'
22:11:19 COM4 port ack: b'doaCfg 600 1875 30 1 1 0\n'
22:11:19 COM4 port ack: b'Done\n'
22:11:22 COM4 port ack: b'SceneryParam -6 6 0.5 6\n'
22:11:22 COM4 port ack: b'Done\n'
22:11:26 COM4 port ack: b'GatingParam 4 3 2 0\n'
22:11:26 COM4 port ack: b'Done\n'
22:11:29 COM4 port ack: b'StateParam 10 5 100 100 5\n'
22:11:29 COM4 port ack: b'Error: Invalid usage of the CLI command\n'
22:11:32 COM4 port ack: b'AllocationParam 250 250 0.25 10 1 2\n'
22:11:32 COM4 port ack: b'Done\n'
22:11:35 COM4 port ack: b'AccelerationParam 1 1 1\n'
22:11:35 COM4 port ack: b"'AccelerationParam' is not recognized as a CLI command\n"
22:11:38 COM4 port ack: b'trackingCfg 1 2 250 20 52 82 50 90\n'
22:11:38 COM4 port ack: b'Done\n'
22:11:41 COM4 port ack: b'sensorStart\n'
22:11:41 COM4 port ack: b'Done\n'
22:11:44 COM4 port closed.
22:11:44 COM3 port opened
22:11:54 COM3 port closed.
22:11:54 data.txt file is closed.
22:11:54 serials.log file closing...
22:15:3 serials.log file is writable.
22:15:3 data.txt file is writable.
22:15:3 mmw_pplcount_demo_default.cfg file is readable.
22:15:3 COM4 port opened.
22:15:3 COM4 port ack: b'flushCfg\n'
22:15:3 COM4 port ack: b'Done\n'
22:15:6 COM4 port ack: b'dfeDataOutputMode 1\n'
22:15:6 COM4 port ack: b'Done\n'
22:15:9 COM4 port ack: b'channelCfg 15 5 0\n'
22:15:9 COM4 port ack: b'Done\n'
22:15:12 COM4 port ack: b'adcCfg 2 1\n'
22:15:12 COM4 port ack: b'Done\n'
22:15:15 COM4 port ack: b'adcbufCfg 0 1 1 1 \n'
22:15:15 COM4 port ack: b'Done\n'
22:15:19 COM4 port ack: b'profileCfg 0 60.6 30 10 62 0 0 53 1 128 2500 0 0 30\n'
22:15:19 COM4 port ack: b'Done\n'
22:15:22 COM4 port ack: b'chirpCfg 0 0 0 0 0 0 0 1\n'
22:15:22 COM4 port ack: b'Done\n'
22:15:25 COM4 port ack: b'chirpCfg 1 1 0 0 0 0 0 4\n'
22:15:25 COM4 port ack: b'Done\n'
22:15:28 COM4 port ack: b'frameCfg 0 1 128 0 50 1 0\n'
22:15:28 COM4 port ack: b'Done\n'
22:15:31 COM4 port ack: b'lowPower 0 1\n'
22:15:31 COM4 port ack: b'Done\n'
22:15:34 COM4 port ack: b'guiMonitor 1 1 0 0\n'
22:15:34 COM4 port ack: b'Done\n'
22:15:37 COM4 port ack: b'cfarCfg 6 4 4 4 4 16 16 4 4 50 62 0\n'
22:15:37 COM4 port ack: b'Done\n'
22:15:40 COM4 port ack: b'doaCfg 600 1875 30 1 1 0\n'
22:15:40 COM4 port ack: b'Done\n'
22:15:43 COM4 port ack: b'SceneryParam -6 6 0.5 6\n'
22:15:43 COM4 port ack: b'Done\n'
22:15:47 COM4 port ack: b'GatingParam 4 3 2 0\n'
22:15:47 COM4 port ack: b'Done\n'
22:15:50 COM4 port ack: b'StateParam 10 5 100 100 5\n'
22:15:50 COM4 port ack: b'Error: Invalid usage of the CLI command\n'
22:15:53 COM4 port ack: b'AllocationParam 250 250 0.25 10 1 2\n'
22:15:53 COM4 port ack: b'Done\n'
22:15:56 COM4 port ack: b'AccelerationParam 1 1 1\n'
22:15:56 COM4 port ack: b"'AccelerationParam' is not recognized as a CLI command\n"
22:15:59 COM4 port ack: b'trackingCfg 1 2 250 20 52 82 50 90\n'
22:15:59 COM4 port ack: b'Done\n'
22:16:2 COM4 port ack: b'sensorStart\n'
22:16:2 COM4 port ack: b'Done\n'
22:16:5 COM4 port closed.
22:16:5 COM3 port opened
22:16:5 COM3 port closed.
22:16:5 data.txt file is closed.
22:16:5 serials.log file closing...